2025-09-09 16:54:00 | INFO | repo=photostock | action=pull
2025-02-21 21:09:00 | WARN | repo=photostock | action=edit | files=5
2025-03-04 16:11:00 | WARN | repo=photostock | action=edit | files=5
2025-02-19 21:37:00 | WARN | repo=photostock | action=commit
2025-04-14 07:10:00 | DEBUG | repo=photostock | action=edit | files=2
2025-05-13 21:18:00 | WARN | repo=photostock | action=commit
2025-09-18 15:21:00 | INFO | repo=photostock | action=commit
2025-05-26 07:36:00 | INFO | repo=photostock | action=test | passed=true
2025-01-06 17:05:00 | INFO | repo=photostock | action=commit
2025-12-19 18:19:00 | DEBUG | repo=photostock | action=commit
2025-01-12 07:27:00 | DEBUG | repo=photostock | action=pull
2025-11-09 13:45:00 | DEBUG | repo=photostock | action=test | passed=true
2025-05-18 09:43:00 | WARN | repo=photostock | action=edit | files=1
2025-05-28 14:21:00 | WARN | repo=photostock | action=commit
2025-12-02 16:58:00 | INFO | repo=photostock | action=commit
2025-02-13 14:24:00 | WARN | repo=photostock | action=commit
2025-02-11 08:54:00 | INFO | repo=photostock | action=commit
2025-06-25 21:08:00 | WARN | repo=photostock | action=commit
2025-02-11 20:53:00 | WARN | repo=photostock | action=commit
2025-10-23 08:59:00 | DEBUG | repo=photostock | action=commit
2025-10-20 09:55:00 | WARN | repo=photostock | action=pull
2025-07-05 11:47:00 | INFO | repo=photostock | action=commit
2025-02-27 11:02:00 | WARN | repo=photostock | action=pull
2025-06-23 17:31:00 | INFO | repo=photostock | action=edit | files=4
2025-06-01 13:32:00 | WARN | repo=photostock | action=test | passed=true
2025-02-25 17:59:00 | DEBUG | repo=photostock | action=commit
2025-07-20 19:48:00 | WARN | repo=photostock | action=commit
2025-10-05 08:57:00 | INFO | repo=photostock | action=edit | files=2
2025-02-20 15:04:00 | WARN | repo=photostock | action=edit | files=5
2025-06-04 16:00:00 | DEBUG | repo=photostock | action=commit
2025-11-27 13:32:00 | DEBUG | repo=photostock | action=commit
2025-11-19 09:54:00 | WARN | repo=photostock | action=pull
2025-02-16 20:54:00 | WARN | repo=photostock | action=pull
2025-09-02 10:17:00 | WARN | repo=photostock | action=pull
2025-09-02 10:12:00 | DEBUG | repo=photostock | action=commit
2025-07-11 11:29:00 | WARN | repo=photostock | action=commit
2025-10-10 17:50:00 | INFO | repo=photostock | action=commit
2025-05-03 15:23:00 | DEBUG | repo=photostock | action=edit | files=5
2025-09-15 14:12:00 | INFO | repo=photostock | action=pull
2025-11-16 20:49:00 | DEBUG | repo=photostock | action=test | passed=true
2025-06-02 12:43:00 | INFO | repo=photostock | action=commit
2025-06-20 18:03:00 | DEBUG | repo=photostock | action=test | passed=true
2025-12-20 20:53:00 | DEBUG | repo=photostock | action=commit
2025-10-07 21:18:00 | WARN | repo=photostock | action=commit
2025-06-05 09:51:00 | DEBUG | repo=photostock | action=commit
2025-06-26 15:00:00 | WARN | repo=photostock | action=commit
2025-10-17 07:47:00 | INFO | repo=photostock | action=commit
2025-07-15 07:14:00 | WARN | repo=photostock | action=commit
2025-11-26 09:22:00 | WARN | repo=photostock | action=commit
2025-05-14 18:19:00 | INFO | repo=photostock | action=test | passed=true
2025-01-06 14:04:00 | DEBUG | repo=photostock | action=commit
2025-03-27 07:33:00 | INFO | repo=photostock | action=test | passed=true
2025-02-08 08:35:00 | DEBUG | repo=photostock | action=commit
2025-05-23 09:12:00 | DEBUG | repo=photostock | action=commit
2025-09-14 19:19:00 | DEBUG | repo=photostock | action=commit
2025-08-22 12:20:00 | DEBUG | repo=photostock | action=test | passed=true
2025-11-22 12:40:00 | DEBUG | repo=photostock | action=commit
2025-04-06 07:31:00 | DEBUG | repo=photostock | action=pull
2025-08-13 20:46:00 | INFO | repo=photostock | action=commit
2025-11-14 09:36:00 | DEBUG | repo=photostock | action=commit
2025-11-19 19:14:00 | WARN | repo=photostock | action=pull
2025-10-07 21:16:00 | DEBUG | repo=photostock | action=commit
2025-08-05 18:48:00 | WARN | repo=photostock | action=commit
2025-11-03 18:19:00 | WARN | repo=photostock | action=commit
2025-12-21 07:01:00 | DEBUG | repo=photostock | action=commit
2025-01-17 17:58:00 | WARN | repo=photostock | action=edit | files=4
2025-04-25 19:35:00 | DEBUG | repo=photostock | action=edit | files=3
2025-08-15 15:05:00 | WARN | repo=photostock | action=commit
2025-03-11 09:11:00 | DEBUG | repo=photostock | action=edit | files=2
2025-10-28 14:30:00 | WARN | repo=photostock | action=commit
2025-09-16 13:38:00 | DEBUG | repo=photostock | action=commit
2025-03-12 20:52:00 | INFO | repo=photostock | action=commit
2025-08-24 13:05:00 | DEBUG | repo=photostock | action=pull
2025-11-02 13:46:00 | DEBUG | repo=photostock | action=pull
2025-06-18 15:46:00 | DEBUG | repo=photostock | action=edit | files=5
2025-10-15 14:40:00 | INFO | repo=photostock | action=commit
2025-12-23 15:50:00 | DEBUG | repo=photostock | action=pull
2025-10-04 10:12:00 | INFO | repo=photostock | action=commit
2025-11-04 11:58:00 | DEBUG | repo=photostock | action=pull
2025-03-16 07:30:00 | DEBUG | repo=photostock | action=test | passed=true
2025-08-28 20:40:00 | WARN | repo=photostock | action=edit | files=3
2025-08-07 11:11:00 | DEBUG | repo=photostock | action=commit
2025-07-15 18:25:00 | WARN | repo=photostock | action=commit
2025-05-11 08:30:00 | WARN | repo=photostock | action=commit
2025-04-02 19:46:00 | INFO | repo=photostock | action=commit
2025-07-22 10:59:00 | DEBUG | repo=photostock | action=test | passed=true
2025-01-12 08:01:00 | DEBUG | repo=photostock | action=commit
2025-01-10 11:54:00 | WARN | repo=photostock | action=commit
2025-10-03 10:33:00 | DEBUG | repo=photostock | action=commit
2025-05-08 17:23:00 | DEBUG | repo=photostock | action=commit
2025-02-28 18:44:00 | WARN | repo=photostock | action=commit
2025-08-19 18:54:00 | DEBUG | repo=photostock | action=commit
2025-10-23 17:16:00 | WARN | repo=photostock | action=commit
2025-03-16 08:55:00 | DEBUG | repo=photostock | action=commit
2025-04-18 07:09:00 | INFO | repo=photostock | action=commit
2025-09-17 12:59:00 | WARN | repo=photostock | action=commit
2025-05-09 21:37:00 | DEBUG | repo=photostock | action=commit
2025-03-03 14:25:00 | INFO | repo=photostock | action=commit
2025-06-03 16:00:00 | INFO | repo=photostock | action=commit
2025-02-23 20:55:00 | INFO | repo=photostock | action=edit | files=3
2025-03-15 15:29:00 | WARN | repo=photostock | action=commit
2025-05-18 08:30:00 | WARN | repo=photostock | action=commit
2025-12-23 21:53:00 | DEBUG | repo=photostock | action=test | passed=true
2025-06-17 19:03:00 | DEBUG | repo=photostock | action=commit
2025-06-15 17:47:00 | INFO | repo=photostock | action=commit
2025-07-12 18:51:00 | INFO | repo=photostock | action=commit
2025-06-13 10:37:00 | INFO | repo=photostock | action=commit
2025-12-20 14:52:00 | WARN | repo=photostock | action=commit
2025-07-10 20:45:00 | INFO | repo=photostock | action=edit | files=1
2025-02-15 17:26:00 | INFO | repo=photostock | action=pull
2025-04-18 12:05:00 | DEBUG | repo=photostock | action=pull
2025-11-11 07:22:00 | DEBUG | repo=photostock | action=commit
2025-02-02 08:48:00 | INFO | repo=photostock | action=commit
2025-08-16 15:25:00 | WARN | repo=photostock | action=test | passed=true
2025-08-20 13:17:00 | DEBUG | repo=photostock | action=commit
2025-05-15 20:59:00 | DEBUG | repo=photostock | action=edit | files=5
2025-07-13 07:33:00 | DEBUG | repo=photostock | action=commit
2025-06-20 13:59:00 | WARN | repo=photostock | action=commit
2025-06-07 16:40:00 | INFO | repo=photostock | action=pull
2025-05-07 17:14:00 | WARN | repo=photostock | action=test | passed=true
2025-05-24 12:47:00 | DEBUG | repo=photostock | action=commit
2025-04-25 07:06:00 | INFO | repo=photostock | action=test | passed=true
2025-04-25 19:51:00 | INFO | repo=photostock | action=commit
2025-11-27 16:06:00 | WARN | repo=photostock | action=commit
2025-11-21 11:14:00 | DEBUG | repo=photostock | action=commit
2026-05-03 16:09:00 | INFO | repo=photostock | action=commit
2026-07-08 07:08:00 | INFO | repo=photostock | action=edit | files=4
2026-02-01 10:35:00 | WARN | repo=photostock | action=commit
2026-03-17 15:38:00 | WARN | repo=photostock | action=commit
2026-01-02 18:41:00 | INFO | repo=photostock | action=commit
2026-02-19 18:19:00 | WARN | repo=photostock | action=commit
2026-02-27 07:07:00 | INFO | repo=photostock | action=commit
